Build started 2019/5/16 下午 05:42:50.
     1>Project "D:\Projects in IBDO\Reflow oven\Thermo1 - 20190515_1 set 5018_separate csv\Thermo1\Thermo1.vcxproj" on node 2 (build target(s)).
     1>InitializeBuildStatus:
         Creating "Debug\Thermo1.unsuccessfulbuild" because "AlwaysCreate" was specified.
       ClCompile:
         All outputs are up-to-date.
         C:\Program Files (x86)\Microsoft Visual Studio 10.0\VC\bin\CL.exe /c /ZI /nologo /W3 /WX- /Od /Oy- /D WIN32 /D _DEBUG /D _CONSOLE /D _UNICODE /D UNICODE /Gm /EHsc /RTC1 /MTd /GS /fp:precise /Zc:wchar_t /Zc:forScope /Yu"StdAfx.h" /Fp"Debug\Thermo1.pch" /Fo"Debug\\" /Fd"Debug\vc100.pdb" /Gd /TP /analyze- /errorReport:prompt Thermo1.cpp
         Thermo1.cpp
     1>d:\projects in ibdo\reflow oven\thermo1 - 20190515_1 set 5018_separate csv\thermo1\thermo1.cpp(450): warning C4996: 'localtime': This function or variable may be unsafe. Consider using localtime_s instead. To disable deprecation, use _CRT_SECURE_NO_WARNINGS. See online help for details.
                 c:\program files (x86)\microsoft visual studio 10.0\vc\include\time.inl(112) : see declaration of 'localtime'
     1>d:\projects in ibdo\reflow oven\thermo1 - 20190515_1 set 5018_separate csv\thermo1\thermo1.cpp(460): warning C4996: 'sprintf': This function or variable may be unsafe. Consider using sprintf_s instead. To disable deprecation, use _CRT_SECURE_NO_WARNINGS. See online help for details.
                 c:\program files (x86)\microsoft visual studio 10.0\vc\include\stdio.h(371) : see declaration of 'sprintf'
     1>d:\projects in ibdo\reflow oven\thermo1 - 20190515_1 set 5018_separate csv\thermo1\thermo1.cpp(476): warning C4996: 'sprintf': This function or variable may be unsafe. Consider using sprintf_s instead. To disable deprecation, use _CRT_SECURE_NO_WARNINGS. See online help for details.
                 c:\program files (x86)\microsoft visual studio 10.0\vc\include\stdio.h(371) : see declaration of 'sprintf'
       ManifestResourceCompile:
         All outputs are up-to-date.
       Link:
         C:\Program Files (x86)\Microsoft Visual Studio 10.0\VC\bin\link.exe /ERRORREPORT:PROMPT /OUT:"D:\Projects in IBDO\Reflow oven\Thermo1 - 20190515_1 set 5018_separate csv\Debug\Thermo1.exe" /INCREMENTAL /NOLOGO kernel32.lib user32.lib gdi32.lib winspool.lib comdlg32.lib advapi32.lib shell32.lib ole32.lib oleaut32.lib uuid.lib odbc32.lib odbccp32.lib ADSDIO.lib kernel32.lib user32.lib gdi32.lib winspool.lib comdlg32.lib advapi32.lib shell32.lib ole32.lib oleaut32.lib uuid.lib odbc32.lib odbccp32.lib /MANIFEST /ManifestFile:"Debug\Thermo1.exe.intermediate.manifest" /MANIFESTUAC:"level='asInvoker' uiAccess='false'" /DEBUG /PDB:"D:\Projects in IBDO\Reflow oven\Thermo1 - 20190515_1 set 5018_separate csv\Debug\Thermo1.pdb" /SUBSYSTEM:CONSOLE /TLBID:1 /DYNAMICBASE /NXCOMPAT /IMPLIB:"D:\Projects in IBDO\Reflow oven\Thermo1 - 20190515_1 set 5018_separate csv\Debug\Thermo1.lib" /MACHINE:X86 Debug\Thermo1.exe.embed.manifest.res
         Debug\stdafx.obj
         Debug\Thermo1.obj
         LINK : D:\Projects in IBDO\Reflow oven\Thermo1 - 20190515_1 set 5018_separate csv\Debug\Thermo1.exe not found or not built by the last incremental link; performing full link
       Manifest:
         C:\Program Files (x86)\Microsoft SDKs\Windows\v7.0A\bin\mt.exe /nologo /verbose /out:"Debug\Thermo1.exe.embed.manifest" /manifest Debug\Thermo1.exe.intermediate.manifest
         All outputs are up-to-date.
       LinkEmbedManifest:
         All outputs are up-to-date.
         Thermo1.vcxproj -> D:\Projects in IBDO\Reflow oven\Thermo1 - 20190515_1 set 5018_separate csv\Debug\Thermo1.exe
       FinalizeBuildStatus:
         Deleting file "Debug\Thermo1.unsuccessfulbuild".
         Touching "Debug\Thermo1.lastbuildstate".
     1>Done Building Project "D:\Projects in IBDO\Reflow oven\Thermo1 - 20190515_1 set 5018_separate csv\Thermo1\Thermo1.vcxproj" (build target(s)).

Build succeeded.

Time Elapsed 00:00:01.09
